<?xml version="1.0" encoding="UTF-8"?>
<testsuite xmlns:xsi="http://www.w3.org/2001/XMLSchema-instance" xsi:noNamespaceSchemaLocation="https://maven.apache.org/surefire/maven-surefire-plugin/xsd/surefire-test-report.xsd" name="edu.berkeley.cs186.database.TestDatabaseLocking" time="21.128" tests="19" errors="0" skipped="0" failures="0">
  <properties>
    <property name="awt.toolkit" value="sun.awt.X11.XToolkit"/>
    <property name="file.encoding.pkg" value="sun.io"/>
    <property name="java.specification.version" value="1.8"/>
    <property name="sun.cpu.isalist" value=""/>
    <property name="sun.jnu.encoding" value="ANSI_X3.4-1968"/>
    <property name="java.class.path" value="/cs186/Fa18HW5/target/test-classes:/cs186/Fa18HW5/target/classes:/home/ubuntu/.m2/repository/junit/junit/4.12/junit-4.12.jar:/home/ubuntu/.m2/repository/org/hamcrest/hamcrest-core/1.3/hamcrest-core-1.3.jar:"/>
    <property name="java.vm.vendor" value="Oracle Corporation"/>
    <property name="sun.arch.data.model" value="64"/>
    <property name="java.vendor.url" value="http://java.oracle.com/"/>
    <property name="user.timezone" value=""/>
    <property name="java.vm.specification.version" value="1.8"/>
    <property name="os.name" value="Linux"/>
    <property name="user.country" value="US"/>
    <property name="sun.java.launcher" value="SUN_STANDARD"/>
    <property name="sun.boot.library.path" value="/usr/lib/jvm/java-8-openjdk-amd64/jre/lib/amd64"/>
    <property name="sun.java.command" value="/cs186/Fa18HW5/target/surefire/surefirebooter6090807401849361060.jar /cs186/Fa18HW5/target/surefire 2018-12-02T22-34-23_334-jvmRun1 surefire2630472809538118174tmp surefire_06425789561717738062tmp"/>
    <property name="surefire.test.class.path" value="/cs186/Fa18HW5/target/test-classes:/cs186/Fa18HW5/target/classes:/home/ubuntu/.m2/repository/junit/junit/4.12/junit-4.12.jar:/home/ubuntu/.m2/repository/org/hamcrest/hamcrest-core/1.3/hamcrest-core-1.3.jar:"/>
    <property name="sun.cpu.endian" value="little"/>
    <property name="user.home" value="/home/ubuntu"/>
    <property name="user.language" value="en"/>
    <property name="java.specification.vendor" value="Oracle Corporation"/>
    <property name="java.home" value="/usr/lib/jvm/java-8-openjdk-amd64/jre"/>
    <property name="basedir" value="/cs186/Fa18HW5"/>
    <property name="file.separator" value="/"/>
    <property name="line.separator" value="&#10;"/>
    <property name="java.vm.specification.vendor" value="Oracle Corporation"/>
    <property name="java.specification.name" value="Java Platform API Specification"/>
    <property name="java.awt.graphicsenv" value="sun.awt.X11GraphicsEnvironment"/>
    <property name="surefire.real.class.path" value="/cs186/Fa18HW5/target/surefire/surefirebooter6090807401849361060.jar"/>
    <property name="sun.boot.class.path" value="/usr/lib/jvm/java-8-openjdk-amd64/jre/lib/resources.jar:/usr/lib/jvm/java-8-openjdk-amd64/jre/lib/rt.jar:/usr/lib/jvm/java-8-openjdk-amd64/jre/lib/sunrsasign.jar:/usr/lib/jvm/java-8-openjdk-amd64/jre/lib/jsse.jar:/usr/lib/jvm/java-8-openjdk-amd64/jre/lib/jce.jar:/usr/lib/jvm/java-8-openjdk-amd64/jre/lib/charsets.jar:/usr/lib/jvm/java-8-openjdk-amd64/jre/lib/jfr.jar:/usr/lib/jvm/java-8-openjdk-amd64/jre/classes"/>
    <property name="sun.management.compiler" value="HotSpot 64-Bit Tiered Compilers"/>
    <property name="java.runtime.version" value="1.8.0_181-8u181-b13-0ubuntu0.16.04.1-b13"/>
    <property name="user.name" value="ubuntu"/>
    <property name="path.separator" value=":"/>
    <property name="os.version" value="4.9.125-linuxkit"/>
    <property name="java.endorsed.dirs" value="/usr/lib/jvm/java-8-openjdk-amd64/jre/lib/endorsed"/>
    <property name="java.runtime.name" value="OpenJDK Runtime Environment"/>
    <property name="file.encoding" value="ANSI_X3.4-1968"/>
    <property name="java.vm.name" value="OpenJDK 64-Bit Server VM"/>
    <property name="localRepository" value="/home/ubuntu/.m2/repository"/>
    <property name="java.vendor.url.bug" value="http://bugreport.sun.com/bugreport/"/>
    <property name="java.io.tmpdir" value="/tmp"/>
    <property name="java.version" value="1.8.0_181"/>
    <property name="user.dir" value="/cs186/Fa18HW5"/>
    <property name="os.arch" value="amd64"/>
    <property name="java.vm.specification.name" value="Java Virtual Machine Specification"/>
    <property name="java.awt.printerjob" value="sun.print.PSPrinterJob"/>
    <property name="sun.os.patch.level" value="unknown"/>
    <property name="java.library.path" value="/usr/java/packages/lib/amd64:/usr/lib/x86_64-linux-gnu/jni:/lib/x86_64-linux-gnu:/usr/lib/x86_64-linux-gnu:/usr/lib/jni:/lib:/usr/lib"/>
    <property name="java.vm.info" value="mixed mode"/>
    <property name="java.vendor" value="Oracle Corporation"/>
    <property name="java.vm.version" value="25.181-b13"/>
    <property name="java.ext.dirs" value="/usr/lib/jvm/java-8-openjdk-amd64/jre/lib/ext:/usr/java/packages/lib/ext"/>
    <property name="sun.io.unicode.encoding" value="UnicodeLittle"/>
    <property name="java.class.version" value="52.0"/>
  </properties>
  <testcase name="testDeleteTableSimple" classname="edu.berkeley.cs186.database.TestDatabaseLocking" time="0"/>
  <testcase name="testRecordDelete" classname="edu.berkeley.cs186.database.TestDatabaseLocking" time="1.15"/>
  <testcase name="testTempTable" classname="edu.berkeley.cs186.database.TestDatabaseLocking" time="0.006"/>
  <testcase name="testRecordUpdate" classname="edu.berkeley.cs186.database.TestDatabaseLocking" time="0.96"/>
  <testcase name="testTableScan" classname="edu.berkeley.cs186.database.TestDatabaseLocking" time="0.991"/>
  <testcase name="testCreateTableSimple" classname="edu.berkeley.cs186.database.TestDatabaseLocking" time="0.952"/>
  <testcase name="testSimpleTransactionCleanup" classname="edu.berkeley.cs186.database.TestDatabaseLocking" time="0.985"/>
  <testcase name="testSearchOperationLocking" classname="edu.berkeley.cs186.database.TestDatabaseLocking" time="1.019"/>
  <testcase name="testBPlusTreeRestrict" classname="edu.berkeley.cs186.database.TestDatabaseLocking" time="0.017"/>
  <testcase name="testTableCleanup" classname="edu.berkeley.cs186.database.TestDatabaseLocking" time="0.946"/>
  <testcase name="testQueryWithIndex" classname="edu.berkeley.cs186.database.TestDatabaseLocking" time="2.778"/>
  <testcase name="testSortedScanLocking" classname="edu.berkeley.cs186.database.TestDatabaseLocking" time="0.983"/>
  <testcase name="testRecordRead" classname="edu.berkeley.cs186.database.TestDatabaseLocking" time="0.923"/>
  <testcase name="testPageAllocatorInitCapacity" classname="edu.berkeley.cs186.database.TestDatabaseLocking" time="0.01"/>
  <testcase name="testDeleteAllTables" classname="edu.berkeley.cs186.database.TestDatabaseLocking" time="0.001"/>
  <testcase name="testRecordWrite" classname="edu.berkeley.cs186.database.TestDatabaseLocking" time="0.924"/>
  <testcase name="testSortedScanNoIndexLocking" classname="edu.berkeley.cs186.database.TestDatabaseLocking" time="0.251"/>
  <testcase name="testAutoEscalateS" classname="edu.berkeley.cs186.database.TestDatabaseLocking" time="4.138"/>
  <testcase name="testAutoEscalateX" classname="edu.berkeley.cs186.database.TestDatabaseLocking" time="4.093"/>
</testsuite>